WARN - My fourth message.
ERROR - My fifth message.
FATAL - My sixth message.
WARN - My fourth message.
ERROR - My fifth message.
FATAL - My sixth message.
WARN - My fourth message.
ERROR - My fifth message.
FATAL - My sixth message.
WARN - My fourth message.
ERROR - My fifth message.
FATAL - My sixth message.
WARN - My fourth message.
ERROR - My fifth message.
FATAL - My sixth message.
WARN - My fourth message.
ERROR - My fifth message.
FATAL - My sixth message.
WARN - My fourth message.
ERROR - My fifth message.
FATAL - My sixth message.
<<<<<<< HEAD
=======
WARN - My fourth message.
ERROR - My fifth message.
FATAL - My sixth message.
WARN - My fourth message.
ERROR - My fifth message.
FATAL - My sixth message.
WARN - My fourth message.
ERROR - My fifth message.
FATAL - My sixth message.
WARN - My fourth message.
ERROR - My fifth message.
FATAL - My sixth message.
WARN - My fourth message.
ERROR - My fifth message.
FATAL - My sixth message.
WARN - My fourth message.
ERROR - My fifth message.
FATAL - My sixth message.
WARN - My fourth message.
ERROR - My fifth message.
FATAL - My sixth message.
WARN - My fourth message.
ERROR - My fifth message.
FATAL - My sixth message.
WARN - My fourth message.
ERROR - My fifth message.
FATAL - My sixth message.
WARN - My fourth message.
ERROR - My fifth message.
FATAL - My sixth message.
WARN - My fourth message.
ERROR - My fifth message.
FATAL - My sixth message.
>>>>>>> 7e1b27a542c4f1c4e6871d5688cf8d67acd14315
